<?xml version="1.0" encoding="UTF-8"?>
<testng-results ignored="0" total="1" passed="1" failed="0" skipped="0">
  <reporter-output>
  </reporter-output>
  <suite started-at="2024-07-10T16:05:48 IST" name="MySuite" finished-at="2024-07-10T16:06:38 IST" duration-ms="50698">
    <groups>
    </groups>
    <test started-at="2024-07-10T16:05:48 IST" name="MyTests" finished-at="2024-07-10T16:06:38 IST" duration-ms="50698">
      <class name="MT.searchapartment.SearchApartmentTest">
        <test-method signature="checkIsredirectToListing()[pri:0, instance:MT.searchapartment.SearchApartmentTest@17207f5b]" started-at="2024-07-10T16:05:48 IST" name="checkIsredirectToListing" finished-at="2024-07-10T16:06:26 IST" duration-ms="37974" status="PASS">
          <reporter-output>
          </reporter-output>
        </test-method> <!-- checkIsredirectToListing -->
        <test-method is-config="true" signature="clearCookiesAndLocalStorage()[pri:0, instance:MT.searchapartment.SearchApartmentTest@17207f5b]" started-at="2024-07-10T16:06:29 IST" name="clearCookiesAndLocalStorage" finished-at="2024-07-10T16:06:38 IST" duration-ms="9757" status="PASS">
          <reporter-output>
          </reporter-output>
        </test-method> <!-- clearCookiesAndLocalStorage -->
        <test-method is-config="true" signature="close()[pri:0, instance:MT.searchapartment.SearchApartmentTest@17207f5b]" started-at="2024-07-10T16:06:39 IST" name="close" finished-at="2024-07-10T16:06:41 IST" duration-ms="1779" status="PASS">
          <reporter-output>
          </reporter-output>
        </test-method> <!-- close -->
      </class> <!-- MT.searchapartment.SearchApartmentTest -->
    </test> <!-- MyTests -->
  </suite> <!-- MySuite -->
</testng-results>
